0 info it worked if it ends with ok
1 verbose cli [ 'D:\\node.exe',
1 verbose cli   'D:\\node_modules\\npm\\bin\\npm-cli.js',
1 verbose cli   'start' ]
2 info using npm@3.10.10
3 info using node@v6.9.5
4 verbose run-script [ 'prestart', 'start', 'poststart' ]
5 info lifecycle react-cnode@1.0.0~prestart: react-cnode@1.0.0
6 silly lifecycle react-cnode@1.0.0~prestart: no script for prestart, continuing
7 info lifecycle react-cnode@1.0.0~start: react-cnode@1.0.0
8 verbose lifecycle react-cnode@1.0.0~start: unsafe-perm in lifecycle true
9 verbose lifecycle react-cnode@1.0.0~start: PATH: D:\node_modules\npm\bin\node-gyp-bin;E:\test-all\react-home\react-cnode2\node_modules\.bin;C:\Users\Administrator\bin;D:\git\Git\mingw64\bin;D:\git\Git\usr\local\bin;D:\git\Git\usr\bin;D:\git\Git\usr\bin;D:\git\Git\mingw64\bin;D:\git\Git\usr\bin;C:\ProgramData\Oracle\Java\javapath;C:\Program Files (x86)\Intel\iCLS Client;C:\Program Files\Intel\iCLS Client;C:\windows\system32;C:\windows;C:\windows\System32\Wbem;C:\windows\System32\WindowsPowerShell\v1.0;C:\Program Files\Intel\WiFi\bin;C:\Program Files\Common Files\Intel\WirelessCommon;C:\Program Files\Lenovo\Fingerprint Manager Pro;C:\Program Files\Intel\Intel(R) Management Engine Components\DAL;C:\Program Files (x86)\Intel\Intel(R) Management Engine Components\DAL;C:\Program Files\Intel\Intel(R) Management Engine Components\IPT;C:\Program Files (x86)\Intel\Intel(R) Management Engine Components\IPT;E:\Program Files\TortoiseSVN\bin;C:\Program Files\mysql-5.6.24-winx64\bin;D:\;C:\Users\Administrator\AppData\Roaming\npm;D:\git\Git\usr\bin\vendor_perl;D:\git\Git\usr\bin\core_perl
10 verbose lifecycle react-cnode@1.0.0~start: CWD: E:\test-all\react-home\react-cnode2
11 silly lifecycle react-cnode@1.0.0~start: Args: [ '/d /s /c',
11 silly lifecycle   'npm run clean && webpack-dev-server --hot --progress -w' ]
12 silly lifecycle react-cnode@1.0.0~start: Returned: code: 1073807364  signal: null
13 info lifecycle react-cnode@1.0.0~start: Failed to exec start script
14 verbose stack Error: react-cnode@1.0.0 start: `npm run clean && webpack-dev-server --hot --progress -w`
14 verbose stack Exit status 1073807364
14 verbose stack     at EventEmitter.<anonymous> (D:\node_modules\npm\lib\utils\lifecycle.js:255:16)
14 verbose stack     at emitTwo (events.js:106:13)
14 verbose stack     at EventEmitter.emit (events.js:191:7)
14 verbose stack     at ChildProcess.<anonymous> (D:\node_modules\npm\lib\utils\spawn.js:40:14)
14 verbose stack     at emitTwo (events.js:106:13)
14 verbose stack     at ChildProcess.emit (events.js:191:7)
14 verbose stack     at maybeClose (internal/child_process.js:877:16)
14 verbose stack     at Process.ChildProcess._handle.onexit (internal/child_process.js:226:5)
15 verbose pkgid react-cnode@1.0.0
16 verbose cwd E:\test-all\react-home\react-cnode2
17 error Windows_NT 6.1.7601
18 error argv "D:\\node.exe" "D:\\node_modules\\npm\\bin\\npm-cli.js" "start"
19 error node v6.9.5
20 error npm  v3.10.10
21 error code ELIFECYCLE
22 error react-cnode@1.0.0 start: `npm run clean && webpack-dev-server --hot --progress -w`
22 error Exit status 1073807364
23 error Failed at the react-cnode@1.0.0 start script 'npm run clean && webpack-dev-server --hot --progress -w'.
23 error Make sure you have the latest version of node.js and npm installed.
23 error If you do, this is most likely a problem with the react-cnode package,
23 error not with npm itself.
23 error Tell the author that this fails on your system:
23 error     npm run clean && webpack-dev-server --hot --progress -w
23 error You can get information on how to open an issue for this project with:
23 error     npm bugs react-cnode
23 error Or if that isn't available, you can get their info via:
23 error     npm owner ls react-cnode
23 error There is likely additional logging output above.
24 verbose exit [ 1, true ]
